<?xml version="1.0" encoding="UTF-8"?>
<!-- Generated by org.testng.reporters.JUnitReportReporter -->
<testsuite hostname="ATMECSINLT-601" failures="0" tests="1" name="com.atmecs.many_to_many.crud_ops.AddingDetails" time="2.643" errors="0" timestamp="2020-11-03T13:59:37 IST" skipped="0">
  <testcase classname="com.atmecs.many_to_many.crud_ops.AddingDetails" name="addDetails" time="2.643"/>
  <system-out/>
</testsuite> <!-- com.atmecs.many_to_many.crud_ops.AddingDetails -->
